{"level":"info","message":"Using MongoDB URI from .env","service":"mnemos-server","timestamp":"2026-03-31 21:12:00"}
{"env":"development","level":"info","message":"Server started on port 5050","service":"mnemos-server","timestamp":"2026-03-31 21:12:00"}
{"level":"info","message":"MongoDB Connected","service":"mnemos-server","timestamp":"2026-03-31 21:12:02"}
{"level":"info","message":"Using MongoDB URI from .env","service":"mnemos-server","timestamp":"2026-03-31 21:16:08"}
{"env":"development","level":"info","message":"Server started on port 5050","service":"mnemos-server","timestamp":"2026-03-31 21:16:08"}
{"level":"info","message":"MongoDB Connected","service":"mnemos-server","timestamp":"2026-03-31 21:16:08"}
{"level":"info","message":"Using MongoDB URI from .env","service":"mnemos-server","timestamp":"2026-03-31 21:16:16"}
{"env":"development","level":"info","message":"Server started on port 5050","service":"mnemos-server","timestamp":"2026-03-31 21:16:16"}
{"level":"info","message":"MongoDB Connected","service":"mnemos-server","timestamp":"2026-03-31 21:16:17"}
{"level":"info","message":"Using MongoDB URI from .env","service":"mnemos-server","timestamp":"2026-03-31 21:19:28"}
{"env":"development","level":"info","message":"Server started on port 5050","service":"mnemos-server","timestamp":"2026-03-31 21:19:28"}
{"level":"info","message":"MongoDB Connected","service":"mnemos-server","timestamp":"2026-03-31 21:19:29"}
{"level":"info","message":"Using MongoDB URI from .env","service":"mnemos-server","timestamp":"2026-03-31 21:23:20"}
{"env":"development","level":"info","message":"Server started on port 5050","service":"mnemos-server","timestamp":"2026-03-31 21:23:20"}
{"level":"info","message":"MongoDB Connected","service":"mnemos-server","timestamp":"2026-03-31 21:23:21"}
{"level":"info","message":"Using MongoDB URI from .env","service":"mnemos-server","timestamp":"2026-03-31 21:28:38"}
{"env":"development","level":"info","message":"Server started on port 5050","service":"mnemos-server","timestamp":"2026-03-31 21:28:38"}
{"level":"info","message":"MongoDB Connected","service":"mnemos-server","timestamp":"2026-03-31 21:28:42"}
{"level":"info","message":"Using MongoDB URI from .env","service":"mnemos-server","timestamp":"2026-03-31 21:29:44"}
{"env":"development","level":"info","message":"Server started on port 5050","service":"mnemos-server","timestamp":"2026-03-31 21:29:44"}
{"level":"info","message":"MongoDB Connected","service":"mnemos-server","timestamp":"2026-03-31 21:29:45"}
{"duration":"379ms","ip":"::1","level":"info","message":"POST /test_note_123","service":"mnemos-server","status":200,"timestamp":"2026-03-31 21:30:06","userId":"69cbee626181252c37e864f0"}
{"duration":"364ms","ip":"::1","level":"info","message":"GET /094f02c4208e11af7062fc54bdc38cb1","service":"mnemos-server","status":200,"timestamp":"2026-03-31 21:30:25","userId":"anonymous"}
{"level":"info","message":"Using MongoDB URI from .env","service":"mnemos-server","timestamp":"2026-03-31 21:32:45"}
{"env":"development","level":"info","message":"Server started on port 5050","service":"mnemos-server","timestamp":"2026-03-31 21:32:45"}
{"level":"info","message":"MongoDB Connected","service":"mnemos-server","timestamp":"2026-03-31 21:32:47"}
{"duration":"518ms","ip":"::1","level":"info","message":"GET /","service":"mnemos-server","status":200,"timestamp":"2026-03-31 21:32:54","userId":"69cbdf2e43910afedf1152a8"}
{"duration":"462ms","ip":"::1","level":"info","message":"POST /mneqhqitsyjq1s8hz","service":"mnemos-server","status":200,"timestamp":"2026-03-31 21:33:01","userId":"69cbdf2e43910afedf1152a8"}
{"duration":"3ms","ip":"::1","level":"info","message":"GET /shared.html","service":"mnemos-server","status":200,"timestamp":"2026-03-31 21:33:09","userId":"anonymous"}
{"duration":"2ms","ip":"::1","level":"info","message":"GET /css/variables.css","service":"mnemos-server","status":200,"timestamp":"2026-03-31 21:33:09","userId":"anonymous"}
{"duration":"2ms","ip":"::1","level":"info","message":"GET /css/base.css","service":"mnemos-server","status":200,"timestamp":"2026-03-31 21:33:09","userId":"anonymous"}
{"duration":"2ms","ip":"::1","level":"info","message":"GET /css/animations.css","service":"mnemos-server","status":200,"timestamp":"2026-03-31 21:33:09","userId":"anonymous"}
{"duration":"1ms","ip":"::1","level":"info","message":"GET /css/editor.css","service":"mnemos-server","status":200,"timestamp":"2026-03-31 21:33:09","userId":"anonymous"}
{"duration":"2ms","ip":"::1","level":"info","message":"GET /assets/favicon.svg","service":"mnemos-server","status":200,"timestamp":"2026-03-31 21:33:10","userId":"anonymous"}
{"duration":"451ms","ip":"::1","level":"info","message":"GET /a6734c06ccf661fcc54c819d053726ce","service":"mnemos-server","status":200,"timestamp":"2026-03-31 21:33:10","userId":"anonymous"}
{"duration":"1ms","ip":"::1","level":"info","message":"GET /shared.html","service":"mnemos-server","status":304,"timestamp":"2026-03-31 21:33:20","userId":"anonymous"}
{"duration":"0ms","ip":"::1","level":"info","message":"GET /css/variables.css","service":"mnemos-server","status":304,"timestamp":"2026-03-31 21:33:20","userId":"anonymous"}
{"duration":"0ms","ip":"::1","level":"info","message":"GET /css/editor.css","service":"mnemos-server","status":304,"timestamp":"2026-03-31 21:33:20","userId":"anonymous"}
{"duration":"1ms","ip":"::1","level":"info","message":"GET /css/base.css","service":"mnemos-server","status":304,"timestamp":"2026-03-31 21:33:20","userId":"anonymous"}
{"duration":"0ms","ip":"::1","level":"info","message":"GET /css/animations.css","service":"mnemos-server","status":304,"timestamp":"2026-03-31 21:33:20","userId":"anonymous"}
{"duration":"207ms","ip":"::1","level":"info","message":"GET /a6734c06ccf661fcc54c819d053726ce","service":"mnemos-server","status":200,"timestamp":"2026-03-31 21:33:21","userId":"anonymous"}
{"duration":"1ms","ip":"::1","level":"info","message":"GET /shared.html","service":"mnemos-server","status":304,"timestamp":"2026-03-31 21:33:28","userId":"anonymous"}
{"duration":"0ms","ip":"::1","level":"info","message":"GET /css/variables.css","service":"mnemos-server","status":304,"timestamp":"2026-03-31 21:33:28","userId":"anonymous"}
{"duration":"0ms","ip":"::1","level":"info","message":"GET /css/base.css","service":"mnemos-server","status":304,"timestamp":"2026-03-31 21:33:28","userId":"anonymous"}
{"duration":"0ms","ip":"::1","level":"info","message":"GET /css/animations.css","service":"mnemos-server","status":304,"timestamp":"2026-03-31 21:33:28","userId":"anonymous"}
{"duration":"1ms","ip":"::1","level":"info","message":"GET /css/editor.css","service":"mnemos-server","status":304,"timestamp":"2026-03-31 21:33:28","userId":"anonymous"}
{"duration":"200ms","ip":"::1","level":"info","message":"GET /a6734c06ccf661fcc54c819d053726ce","service":"mnemos-server","status":200,"timestamp":"2026-03-31 21:33:28","userId":"anonymous"}
{"duration":"1400ms","ip":"::1","level":"info","message":"POST /","service":"mnemos-server","status":200,"timestamp":"2026-03-31 21:34:13","userId":"69cbdf2e43910afedf1152a8"}
{"duration":"1655ms","ip":"::1","level":"info","message":"POST /","service":"mnemos-server","status":200,"timestamp":"2026-03-31 21:34:22","userId":"69cbdf2e43910afedf1152a8"}
{"duration":"1469ms","ip":"::1","level":"info","message":"POST /","service":"mnemos-server","status":200,"timestamp":"2026-03-31 21:34:30","userId":"69cbdf2e43910afedf1152a8"}
{"duration":"972ms","ip":"::1","level":"info","message":"POST /login","service":"mnemos-server","status":200,"timestamp":"2026-03-31 21:38:04","userId":"anonymous"}
{"duration":"834ms","ip":"::1","level":"info","message":"POST /","service":"mnemos-server","status":200,"timestamp":"2026-03-31 21:38:05","userId":"69cbdf2e43910afedf1152a8"}
{"duration":"437ms","ip":"::1","level":"info","message":"GET /","service":"mnemos-server","status":200,"timestamp":"2026-03-31 21:38:10","userId":"69cbdf2e43910afedf1152a8"}
{"duration":"1274ms","ip":"::1","level":"info","message":"POST /","service":"mnemos-server","status":200,"timestamp":"2026-03-31 21:38:12","userId":"69cbdf2e43910afedf1152a8"}
{"duration":"1079ms","ip":"::1","level":"info","message":"POST /","service":"mnemos-server","status":200,"timestamp":"2026-03-31 21:38:17","userId":"69cbdf2e43910afedf1152a8"}
{"duration":"289ms","ip":"::1","level":"info","message":"GET /","service":"mnemos-server","status":200,"timestamp":"2026-03-31 21:38:29","userId":"69cbdf2e43910afedf1152a8"}
{"duration":"4081ms","ip":"::1","level":"info","message":"GET /","service":"mnemos-server","status":200,"timestamp":"2026-03-31 21:38:35","userId":"69cbdf2e43910afedf1152a8"}
{"level":"info","message":"Using MongoDB URI from .env","service":"mnemos-server","timestamp":"2026-03-31 21:51:45"}
{"env":"development","level":"info","message":"Server started on port 5050","service":"mnemos-server","timestamp":"2026-03-31 21:51:45"}
{"level":"info","message":"MongoDB Connected","service":"mnemos-server","timestamp":"2026-03-31 21:51:48"}
{"duration":"282ms","ip":"::1","level":"info","message":"GET /","service":"mnemos-server","status":304,"timestamp":"2026-03-31 21:56:31","userId":"69cbdf2e43910afedf1152a8"}
{"level":"info","message":"Using MongoDB URI from .env","service":"mnemos-server","timestamp":"2026-03-31 21:57:21"}
{"env":"development","level":"info","message":"Server started on port 5050","service":"mnemos-server","timestamp":"2026-03-31 21:57:21"}
{"level":"info","message":"MongoDB Connected","service":"mnemos-server","timestamp":"2026-03-31 21:57:22"}
{"duration":"304ms","ip":"::1","level":"info","message":"GET /","service":"mnemos-server","status":304,"timestamp":"2026-03-31 21:57:27","userId":"69cbdf2e43910afedf1152a8"}
{"duration":"322ms","ip":"::1","level":"info","message":"GET /","service":"mnemos-server","status":304,"timestamp":"2026-03-31 21:57:28","userId":"69cbdf2e43910afedf1152a8"}
{"duration":"357ms","ip":"::1","level":"info","message":"GET /","service":"mnemos-server","status":200,"timestamp":"2026-03-31 21:57:36","userId":"69cbdf2e43910afedf1152a8"}
{"duration":"382ms","ip":"::1","level":"info","message":"GET /","service":"mnemos-server","status":304,"timestamp":"2026-03-31 21:58:24","userId":"69cbdf2e43910afedf1152a8"}
{"duration":"2ms","ip":"::1","level":"info","message":"GET /","service":"mnemos-server","status":200,"timestamp":"2026-03-31 21:59:18","userId":"anonymous"}
{"duration":"3ms","ip":"::1","level":"info","message":"GET /css/variables.css","service":"mnemos-server","status":200,"timestamp":"2026-03-31 21:59:18","userId":"anonymous"}
{"duration":"3ms","ip":"::1","level":"info","message":"GET /css/base.css","service":"mnemos-server","status":200,"timestamp":"2026-03-31 21:59:18","userId":"anonymous"}
{"duration":"4ms","ip":"::1","level":"info","message":"GET /css/animations.css","service":"mnemos-server","status":200,"timestamp":"2026-03-31 21:59:18","userId":"anonymous"}
{"duration":"5ms","ip":"::1","level":"info","message":"GET /css/layout.css","service":"mnemos-server","status":200,"timestamp":"2026-03-31 21:59:18","userId":"anonymous"}
{"duration":"3ms","ip":"::1","level":"info","message":"GET /css/sidebar.css","service":"mnemos-server","status":200,"timestamp":"2026-03-31 21:59:18","userId":"anonymous"}
{"duration":"3ms","ip":"::1","level":"info","message":"GET /css/editor.css","service":"mnemos-server","status":200,"timestamp":"2026-03-31 21:59:18","userId":"anonymous"}
{"duration":"3ms","ip":"::1","level":"info","message":"GET /css/notelist.css","service":"mnemos-server","status":200,"timestamp":"2026-03-31 21:59:18","userId":"anonymous"}
{"duration":"2ms","ip":"::1","level":"info","message":"GET /css/palette.css","service":"mnemos-server","status":200,"timestamp":"2026-03-31 21:59:18","userId":"anonymous"}
{"duration":"2ms","ip":"::1","level":"info","message":"GET /js/store.js","service":"mnemos-server","status":200,"timestamp":"2026-03-31 21:59:18","userId":"anonymous"}
{"duration":"2ms","ip":"::1","level":"info","message":"GET /js/auth.js","service":"mnemos-server","status":200,"timestamp":"2026-03-31 21:59:18","userId":"anonymous"}
{"duration":"2ms","ip":"::1","level":"info","message":"GET /js/theme.js","service":"mnemos-server","status":200,"timestamp":"2026-03-31 21:59:18","userId":"anonymous"}
{"duration":"2ms","ip":"::1","level":"info","message":"GET /js/search.js","service":"mnemos-server","status":200,"timestamp":"2026-03-31 21:59:18","userId":"anonymous"}
{"duration":"2ms","ip":"::1","level":"info","message":"GET /js/error-handler.js","service":"mnemos-server","status":200,"timestamp":"2026-03-31 21:59:18","userId":"anonymous"}
{"duration":"2ms","ip":"::1","level":"info","message":"GET /js/sync-manager.js","service":"mnemos-server","status":200,"timestamp":"2026-03-31 21:59:18","userId":"anonymous"}
{"duration":"0ms","ip":"::1","level":"info","message":"GET /js/palette.js","service":"mnemos-server","status":200,"timestamp":"2026-03-31 21:59:18","userId":"anonymous"}
{"duration":"1ms","ip":"::1","level":"info","message":"GET /js/renderer.js","service":"mnemos-server","status":200,"timestamp":"2026-03-31 21:59:18","userId":"anonymous"}
{"duration":"1ms","ip":"::1","level":"info","message":"GET /js/editor.js","service":"mnemos-server","status":200,"timestamp":"2026-03-31 21:59:18","userId":"anonymous"}
{"duration":"0ms","ip":"::1","level":"info","message":"GET /js/shortcuts.js","service":"mnemos-server","status":200,"timestamp":"2026-03-31 21:59:18","userId":"anonymous"}
{"duration":"1ms","ip":"::1","level":"info","message":"GET /js/notelist.js","service":"mnemos-server","status":200,"timestamp":"2026-03-31 21:59:18","userId":"anonymous"}
{"duration":"3ms","ip":"::1","level":"info","message":"GET /js/sidebar.js","service":"mnemos-server","status":200,"timestamp":"2026-03-31 21:59:18","userId":"anonymous"}
{"duration":"1ms","ip":"::1","level":"info","message":"GET /js/app.js","service":"mnemos-server","status":200,"timestamp":"2026-03-31 21:59:18","userId":"anonymous"}
{"duration":"1ms","ip":"::1","level":"info","message":"GET /assets/favicon.svg","service":"mnemos-server","status":200,"timestamp":"2026-03-31 21:59:20","userId":"anonymous"}
{"duration":"190ms","ip":"::1","level":"info","message":"POST /login","service":"mnemos-server","status":200,"timestamp":"2026-03-31 22:00:59","userId":"anonymous"}
{"duration":"485ms","ip":"::1","level":"info","message":"POST /","service":"mnemos-server","status":200,"timestamp":"2026-03-31 22:00:59","userId":"69cbdf2e43910afedf1152a8"}
{"duration":"311ms","ip":"::1","level":"info","message":"GET /","service":"mnemos-server","status":200,"timestamp":"2026-03-31 22:01:00","userId":"69cbdf2e43910afedf1152a8"}
{"duration":"350ms","ip":"::1","level":"info","message":"POST /login","service":"mnemos-server","status":200,"timestamp":"2026-03-31 22:01:17","userId":"anonymous"}
{"duration":"404ms","ip":"::1","level":"info","message":"POST /","service":"mnemos-server","status":200,"timestamp":"2026-03-31 22:01:17","userId":"69cbdf2e43910afedf1152a8"}
{"duration":"205ms","ip":"::1","level":"info","message":"GET /","service":"mnemos-server","status":200,"timestamp":"2026-03-31 22:01:17","userId":"69cbdf2e43910afedf1152a8"}
{"duration":"433ms","ip":"::1","level":"info","message":"GET /","service":"mnemos-server","status":200,"timestamp":"2026-03-31 22:01:28","userId":"69cbdf2e43910afedf1152a8"}
{"duration":"285ms","ip":"::1","level":"info","message":"GET /","service":"mnemos-server","status":200,"timestamp":"2026-03-31 22:01:36","userId":"69cbdf2e43910afedf1152a8"}
{"duration":"205ms","ip":"::1","level":"info","message":"POST /login","service":"mnemos-server","status":200,"timestamp":"2026-03-31 22:02:02","userId":"anonymous"}
{"duration":"205ms","ip":"::1","level":"info","message":"POST /","service":"mnemos-server","status":200,"timestamp":"2026-03-31 22:02:03","userId":"69cbdf2e43910afedf1152a8"}
{"duration":"220ms","ip":"::1","level":"info","message":"GET /","service":"mnemos-server","status":200,"timestamp":"2026-03-31 22:02:13","userId":"69cbdf2e43910afedf1152a8"}
{"duration":"284ms","ip":"::1","level":"info","message":"GET /","service":"mnemos-server","status":200,"timestamp":"2026-03-31 22:02:19","userId":"69cbdf2e43910afedf1152a8"}
{"duration":"355ms","ip":"::1","level":"info","message":"GET /","service":"mnemos-server","status":200,"timestamp":"2026-03-31 22:02:20","userId":"69cbdf2e43910afedf1152a8"}
{"duration":"3460ms","ip":"::1","level":"info","message":"POST /","service":"mnemos-server","status":200,"timestamp":"2026-03-31 22:03:52","userId":"69cbdf2e43910afedf1152a8"}
{"duration":"1102ms","ip":"::1","level":"info","message":"POST /","service":"mnemos-server","status":200,"timestamp":"2026-03-31 22:03:55","userId":"69cbdf2e43910afedf1152a8"}
{"duration":"353ms","ip":"::1","level":"info","message":"GET /","service":"mnemos-server","status":200,"timestamp":"2026-03-31 22:04:31","userId":"69cbdf2e43910afedf1152a8"}
{"level":"info","message":"Using MongoDB URI from .env","service":"mnemos-server","timestamp":"2026-03-31 22:20:51"}
{"env":"development","level":"info","message":"Server started on port 5050","service":"mnemos-server","timestamp":"2026-03-31 22:20:51"}
{"level":"info","message":"MongoDB Connected","service":"mnemos-server","timestamp":"2026-03-31 22:20:52"}
{"duration":"574ms","ip":"::1","level":"info","message":"GET /","service":"mnemos-server","status":200,"timestamp":"2026-03-31 22:24:34","userId":"69cbdf2e43910afedf1152a8"}
{"duration":"506ms","ip":"::1","level":"info","message":"GET /","service":"mnemos-server","status":200,"timestamp":"2026-03-31 22:24:38","userId":"69cbdf2e43910afedf1152a8"}
{"duration":"814ms","ip":"::1","level":"info","message":"GET /","service":"mnemos-server","status":200,"timestamp":"2026-03-31 22:24:53","userId":"69cbdf2e43910afedf1152a8"}
{"duration":"1651ms","ip":"::1","level":"info","message":"GET /","service":"mnemos-server","status":200,"timestamp":"2026-03-31 22:25:09","userId":"69cbdf2e43910afedf1152a8"}
{"duration":"356ms","ip":"::1","level":"info","message":"GET /","service":"mnemos-server","status":200,"timestamp":"2026-03-31 22:25:23","userId":"69cbdf2e43910afedf1152a8"}
{"duration":"1163ms","ip":"::1","level":"info","message":"GET /","service":"mnemos-server","status":200,"timestamp":"2026-03-31 22:25:39","userId":"69cbdf2e43910afedf1152a8"}
{"duration":"335ms","ip":"::1","level":"info","message":"GET /","service":"mnemos-server","status":200,"timestamp":"2026-03-31 22:25:53","userId":"69cbdf2e43910afedf1152a8"}
{"duration":"429ms","ip":"::1","level":"info","message":"GET /","service":"mnemos-server","status":200,"timestamp":"2026-03-31 22:26:08","userId":"69cbdf2e43910afedf1152a8"}
{"duration":"634ms","ip":"::1","level":"info","message":"GET /","service":"mnemos-server","status":200,"timestamp":"2026-03-31 22:26:23","userId":"69cbdf2e43910afedf1152a8"}
{"duration":"357ms","ip":"::1","level":"info","message":"GET /","service":"mnemos-server","status":200,"timestamp":"2026-03-31 22:26:38","userId":"69cbdf2e43910afedf1152a8"}
{"duration":"498ms","ip":"::1","level":"info","message":"GET /","service":"mnemos-server","status":200,"timestamp":"2026-03-31 22:26:53","userId":"69cbdf2e43910afedf1152a8"}
{"duration":"478ms","ip":"::1","level":"info","message":"GET /","service":"mnemos-server","status":200,"timestamp":"2026-03-31 22:27:07","userId":"69cbdf2e43910afedf1152a8"}
{"duration":"315ms","ip":"::1","level":"info","message":"GET /","service":"mnemos-server","status":200,"timestamp":"2026-03-31 22:27:22","userId":"69cbdf2e43910afedf1152a8"}
{"duration":"688ms","ip":"::1","level":"info","message":"GET /","service":"mnemos-server","status":200,"timestamp":"2026-03-31 22:27:37","userId":"69cbdf2e43910afedf1152a8"}
{"duration":"357ms","ip":"::1","level":"info","message":"GET /","service":"mnemos-server","status":200,"timestamp":"2026-03-31 22:27:52","userId":"69cbdf2e43910afedf1152a8"}
{"duration":"306ms","ip":"::1","level":"info","message":"GET /","service":"mnemos-server","status":200,"timestamp":"2026-03-31 22:28:07","userId":"69cbdf2e43910afedf1152a8"}
{"duration":"358ms","ip":"::1","level":"info","message":"GET /","service":"mnemos-server","status":200,"timestamp":"2026-03-31 22:28:22","userId":"69cbdf2e43910afedf1152a8"}
{"duration":"353ms","ip":"::1","level":"info","message":"GET /","service":"mnemos-server","status":200,"timestamp":"2026-03-31 22:28:37","userId":"69cbdf2e43910afedf1152a8"}
{"level":"info","message":"Using MongoDB URI from .env","service":"mnemos-server","timestamp":"2026-03-31 22:28:58"}
{"env":"development","level":"info","message":"Server started on port 5050","service":"mnemos-server","timestamp":"2026-03-31 22:28:58"}
{"level":"info","message":"MongoDB Connected","service":"mnemos-server","timestamp":"2026-03-31 22:28:59"}
{"duration":"1388ms","ip":"::1","level":"info","message":"GET /","service":"mnemos-server","status":200,"timestamp":"2026-03-31 22:29:01","userId":"69cbdf2e43910afedf1152a8"}
{"duration":"452ms","ip":"::1","level":"info","message":"GET /","service":"mnemos-server","status":200,"timestamp":"2026-03-31 22:29:07","userId":"69cbdf2e43910afedf1152a8"}
{"duration":"275ms","ip":"::1","level":"info","message":"GET /","service":"mnemos-server","status":200,"timestamp":"2026-03-31 22:29:22","userId":"69cbdf2e43910afedf1152a8"}
{"duration":"396ms","ip":"::1","level":"info","message":"GET /","service":"mnemos-server","status":200,"timestamp":"2026-03-31 22:29:30","userId":"69cbdf2e43910afedf1152a8"}
{"duration":"434ms","ip":"::1","level":"info","message":"GET /","service":"mnemos-server","status":200,"timestamp":"2026-03-31 22:29:45","userId":"69cbdf2e43910afedf1152a8"}
{"duration":"241ms","ip":"::1","level":"info","message":"POST /test_id_123","service":"mnemos-server","status":200,"timestamp":"2026-03-31 22:29:52","userId":"69cbdf2e43910afedf1152a8"}
{"duration":"4ms","ip":"::1","level":"info","message":"GET /shared.html","service":"mnemos-server","status":200,"timestamp":"2026-03-31 22:29:55","userId":"anonymous"}
{"duration":"2ms","ip":"::1","level":"info","message":"GET /css/variables.css","service":"mnemos-server","status":304,"timestamp":"2026-03-31 22:29:55","userId":"anonymous"}
{"duration":"1ms","ip":"::1","level":"info","message":"GET /css/base.css","service":"mnemos-server","status":304,"timestamp":"2026-03-31 22:29:55","userId":"anonymous"}
{"duration":"0ms","ip":"::1","level":"info","message":"GET /css/animations.css","service":"mnemos-server","status":304,"timestamp":"2026-03-31 22:29:55","userId":"anonymous"}
{"duration":"0ms","ip":"::1","level":"info","message":"GET /css/editor.css","service":"mnemos-server","status":304,"timestamp":"2026-03-31 22:29:55","userId":"anonymous"}
{"duration":"218ms","ip":"::1","level":"info","message":"GET /e1ef805c067b4b27c00d92e79fc68455","service":"mnemos-server","status":200,"timestamp":"2026-03-31 22:29:56","userId":"anonymous"}
{"duration":"1ms","ip":"::1","level":"info","message":"GET /shared.html","service":"mnemos-server","status":304,"timestamp":"2026-03-31 22:29:59","userId":"anonymous"}
{"duration":"1ms","ip":"::1","level":"info","message":"GET /css/variables.css","service":"mnemos-server","status":304,"timestamp":"2026-03-31 22:29:59","userId":"anonymous"}
{"duration":"1ms","ip":"::1","level":"info","message":"GET /css/base.css","service":"mnemos-server","status":304,"timestamp":"2026-03-31 22:29:59","userId":"anonymous"}
{"duration":"2ms","ip":"::1","level":"info","message":"GET /css/animations.css","service":"mnemos-server","status":304,"timestamp":"2026-03-31 22:29:59","userId":"anonymous"}
{"duration":"2ms","ip":"::1","level":"info","message":"GET /css/editor.css","service":"mnemos-server","status":304,"timestamp":"2026-03-31 22:29:59","userId":"anonymous"}
{"duration":"0ms","ip":"::1","level":"info","message":"GET /assets/favicon.svg","service":"mnemos-server","status":304,"timestamp":"2026-03-31 22:29:59","userId":"anonymous"}
{"duration":"252ms","ip":"::1","level":"info","message":"GET /e1ef805c067b4b27c00d92e79fc68455","service":"mnemos-server","status":200,"timestamp":"2026-03-31 22:29:59","userId":"anonymous"}
{"duration":"1ms","ip":"::1","level":"info","message":"GET /shared.html","service":"mnemos-server","status":304,"timestamp":"2026-03-31 22:29:59","userId":"anonymous"}
{"duration":"1ms","ip":"::1","level":"info","message":"GET /css/variables.css","service":"mnemos-server","status":304,"timestamp":"2026-03-31 22:29:59","userId":"anonymous"}
{"duration":"1ms","ip":"::1","level":"info","message":"GET /css/base.css","service":"mnemos-server","status":304,"timestamp":"2026-03-31 22:29:59","userId":"anonymous"}
{"duration":"1ms","ip":"::1","level":"info","message":"GET /css/animations.css","service":"mnemos-server","status":304,"timestamp":"2026-03-31 22:29:59","userId":"anonymous"}
{"duration":"1ms","ip":"::1","level":"info","message":"GET /css/editor.css","service":"mnemos-server","status":304,"timestamp":"2026-03-31 22:29:59","userId":"anonymous"}
{"duration":"0ms","ip":"::1","level":"info","message":"GET /assets/favicon.svg","service":"mnemos-server","status":304,"timestamp":"2026-03-31 22:29:59","userId":"anonymous"}
{"duration":"327ms","ip":"::1","level":"info","message":"GET /e1ef805c067b4b27c00d92e79fc68455","service":"mnemos-server","status":200,"timestamp":"2026-03-31 22:30:00","userId":"anonymous"}
{"duration":"1ms","ip":"::1","level":"info","message":"GET /shared.html","service":"mnemos-server","status":304,"timestamp":"2026-03-31 22:30:00","userId":"anonymous"}
{"duration":"1ms","ip":"::1","level":"info","message":"GET /css/variables.css","service":"mnemos-server","status":304,"timestamp":"2026-03-31 22:30:00","userId":"anonymous"}
{"duration":"1ms","ip":"::1","level":"info","message":"GET /css/base.css","service":"mnemos-server","status":304,"timestamp":"2026-03-31 22:30:00","userId":"anonymous"}
{"duration":"1ms","ip":"::1","level":"info","message":"GET /css/animations.css","service":"mnemos-server","status":304,"timestamp":"2026-03-31 22:30:00","userId":"anonymous"}
{"duration":"2ms","ip":"::1","level":"info","message":"GET /css/editor.css","service":"mnemos-server","status":304,"timestamp":"2026-03-31 22:30:00","userId":"anonymous"}
{"duration":"0ms","ip":"::1","level":"info","message":"GET /assets/favicon.svg","service":"mnemos-server","status":304,"timestamp":"2026-03-31 22:30:00","userId":"anonymous"}
{"duration":"520ms","ip":"::1","level":"info","message":"GET /","service":"mnemos-server","status":200,"timestamp":"2026-03-31 22:30:00","userId":"69cbdf2e43910afedf1152a8"}
{"duration":"230ms","ip":"::1","level":"info","message":"GET /e1ef805c067b4b27c00d92e79fc68455","service":"mnemos-server","status":200,"timestamp":"2026-03-31 22:30:00","userId":"anonymous"}
{"duration":"1ms","ip":"::1","level":"info","message":"GET /shared.html","service":"mnemos-server","status":304,"timestamp":"2026-03-31 22:30:01","userId":"anonymous"}
{"duration":"2ms","ip":"::1","level":"info","message":"GET /css/variables.css","service":"mnemos-server","status":304,"timestamp":"2026-03-31 22:30:01","userId":"anonymous"}
{"duration":"1ms","ip":"::1","level":"info","message":"GET /css/base.css","service":"mnemos-server","status":304,"timestamp":"2026-03-31 22:30:01","userId":"anonymous"}
{"duration":"2ms","ip":"::1","level":"info","message":"GET /css/animations.css","service":"mnemos-server","status":304,"timestamp":"2026-03-31 22:30:01","userId":"anonymous"}
{"duration":"2ms","ip":"::1","level":"info","message":"GET /css/editor.css","service":"mnemos-server","status":304,"timestamp":"2026-03-31 22:30:01","userId":"anonymous"}
{"duration":"0ms","ip":"::1","level":"info","message":"GET /assets/favicon.svg","service":"mnemos-server","status":304,"timestamp":"2026-03-31 22:30:01","userId":"anonymous"}
{"duration":"1ms","ip":"::1","level":"info","message":"GET /shared.html","service":"mnemos-server","status":304,"timestamp":"2026-03-31 22:30:01","userId":"anonymous"}
{"duration":"1ms","ip":"::1","level":"info","message":"GET /css/variables.css","service":"mnemos-server","status":304,"timestamp":"2026-03-31 22:30:01","userId":"anonymous"}
{"duration":"0ms","ip":"::1","level":"info","message":"GET /css/base.css","service":"mnemos-server","status":304,"timestamp":"2026-03-31 22:30:01","userId":"anonymous"}
{"duration":"1ms","ip":"::1","level":"info","message":"GET /css/animations.css","service":"mnemos-server","status":304,"timestamp":"2026-03-31 22:30:01","userId":"anonymous"}
{"duration":"0ms","ip":"::1","level":"info","message":"GET /css/editor.css","service":"mnemos-server","status":304,"timestamp":"2026-03-31 22:30:01","userId":"anonymous"}
{"duration":"1ms","ip":"::1","level":"info","message":"GET /assets/favicon.svg","service":"mnemos-server","status":304,"timestamp":"2026-03-31 22:30:01","userId":"anonymous"}
{"duration":"0ms","ip":"::1","level":"info","message":"GET /shared.html","service":"mnemos-server","status":304,"timestamp":"2026-03-31 22:30:01","userId":"anonymous"}
{"duration":"1ms","ip":"::1","level":"info","message":"GET /css/variables.css","service":"mnemos-server","status":304,"timestamp":"2026-03-31 22:30:01","userId":"anonymous"}
{"duration":"1ms","ip":"::1","level":"info","message":"GET /css/base.css","service":"mnemos-server","status":304,"timestamp":"2026-03-31 22:30:01","userId":"anonymous"}
{"duration":"0ms","ip":"::1","level":"info","message":"GET /css/animations.css","service":"mnemos-server","status":304,"timestamp":"2026-03-31 22:30:01","userId":"anonymous"}
{"duration":"0ms","ip":"::1","level":"info","message":"GET /css/editor.css","service":"mnemos-server","status":304,"timestamp":"2026-03-31 22:30:01","userId":"anonymous"}
{"duration":"0ms","ip":"::1","level":"info","message":"GET /assets/favicon.svg","service":"mnemos-server","status":304,"timestamp":"2026-03-31 22:30:01","userId":"anonymous"}
{"duration":"1ms","ip":"::1","level":"info","message":"GET /shared.html","service":"mnemos-server","status":304,"timestamp":"2026-03-31 22:30:01","userId":"anonymous"}
{"duration":"0ms","ip":"::1","level":"info","message":"GET /css/variables.css","service":"mnemos-server","status":304,"timestamp":"2026-03-31 22:30:01","userId":"anonymous"}
{"duration":"1ms","ip":"::1","level":"info","message":"GET /css/base.css","service":"mnemos-server","status":304,"timestamp":"2026-03-31 22:30:01","userId":"anonymous"}
{"duration":"1ms","ip":"::1","level":"info","message":"GET /css/animations.css","service":"mnemos-server","status":304,"timestamp":"2026-03-31 22:30:01","userId":"anonymous"}
{"duration":"0ms","ip":"::1","level":"info","message":"GET /css/editor.css","service":"mnemos-server","status":304,"timestamp":"2026-03-31 22:30:01","userId":"anonymous"}
{"duration":"1ms","ip":"::1","level":"info","message":"GET /assets/favicon.svg","service":"mnemos-server","status":304,"timestamp":"2026-03-31 22:30:01","userId":"anonymous"}
{"duration":"1ms","ip":"::1","level":"info","message":"GET /shared.html","service":"mnemos-server","status":304,"timestamp":"2026-03-31 22:30:01","userId":"anonymous"}
{"duration":"1ms","ip":"::1","level":"info","message":"GET /css/variables.css","service":"mnemos-server","status":304,"timestamp":"2026-03-31 22:30:01","userId":"anonymous"}
{"duration":"1ms","ip":"::1","level":"info","message":"GET /css/base.css","service":"mnemos-server","status":304,"timestamp":"2026-03-31 22:30:01","userId":"anonymous"}
{"duration":"1ms","ip":"::1","level":"info","message":"GET /css/animations.css","service":"mnemos-server","status":304,"timestamp":"2026-03-31 22:30:01","userId":"anonymous"}
{"duration":"0ms","ip":"::1","level":"info","message":"GET /css/editor.css","service":"mnemos-server","status":304,"timestamp":"2026-03-31 22:30:01","userId":"anonymous"}
{"duration":"0ms","ip":"::1","level":"info","message":"GET /assets/favicon.svg","service":"mnemos-server","status":304,"timestamp":"2026-03-31 22:30:01","userId":"anonymous"}
{"duration":"1ms","ip":"::1","level":"info","message":"GET /shared.html","service":"mnemos-server","status":304,"timestamp":"2026-03-31 22:30:02","userId":"anonymous"}
{"duration":"0ms","ip":"::1","level":"info","message":"GET /css/variables.css","service":"mnemos-server","status":304,"timestamp":"2026-03-31 22:30:02","userId":"anonymous"}
{"duration":"1ms","ip":"::1","level":"info","message":"GET /css/base.css","service":"mnemos-server","status":304,"timestamp":"2026-03-31 22:30:02","userId":"anonymous"}
{"duration":"2ms","ip":"::1","level":"info","message":"GET /css/animations.css","service":"mnemos-server","status":304,"timestamp":"2026-03-31 22:30:02","userId":"anonymous"}
{"duration":"0ms","ip":"::1","level":"info","message":"GET /css/editor.css","service":"mnemos-server","status":304,"timestamp":"2026-03-31 22:30:02","userId":"anonymous"}
{"duration":"0ms","ip":"::1","level":"info","message":"GET /assets/favicon.svg","service":"mnemos-server","status":304,"timestamp":"2026-03-31 22:30:02","userId":"anonymous"}
{"duration":"0ms","ip":"::1","level":"info","message":"GET /shared.html","service":"mnemos-server","status":304,"timestamp":"2026-03-31 22:30:02","userId":"anonymous"}
{"duration":"1ms","ip":"::1","level":"info","message":"GET /css/variables.css","service":"mnemos-server","status":304,"timestamp":"2026-03-31 22:30:02","userId":"anonymous"}
{"duration":"1ms","ip":"::1","level":"info","message":"GET /css/base.css","service":"mnemos-server","status":304,"timestamp":"2026-03-31 22:30:02","userId":"anonymous"}
{"duration":"1ms","ip":"::1","level":"info","message":"GET /css/animations.css","service":"mnemos-server","status":304,"timestamp":"2026-03-31 22:30:02","userId":"anonymous"}
{"duration":"0ms","ip":"::1","level":"info","message":"GET /css/editor.css","service":"mnemos-server","status":304,"timestamp":"2026-03-31 22:30:02","userId":"anonymous"}
{"duration":"1ms","ip":"::1","level":"info","message":"GET /assets/favicon.svg","service":"mnemos-server","status":304,"timestamp":"2026-03-31 22:30:02","userId":"anonymous"}
{"duration":"1ms","ip":"::1","level":"info","message":"GET /shared.html","service":"mnemos-server","status":304,"timestamp":"2026-03-31 22:30:02","userId":"anonymous"}
{"duration":"0ms","ip":"::1","level":"info","message":"GET /css/variables.css","service":"mnemos-server","status":304,"timestamp":"2026-03-31 22:30:02","userId":"anonymous"}
{"duration":"0ms","ip":"::1","level":"info","message":"GET /css/base.css","service":"mnemos-server","status":304,"timestamp":"2026-03-31 22:30:02","userId":"anonymous"}
{"duration":"1ms","ip":"::1","level":"info","message":"GET /css/animations.css","service":"mnemos-server","status":304,"timestamp":"2026-03-31 22:30:02","userId":"anonymous"}
{"duration":"0ms","ip":"::1","level":"info","message":"GET /css/editor.css","service":"mnemos-server","status":304,"timestamp":"2026-03-31 22:30:02","userId":"anonymous"}
{"duration":"0ms","ip":"::1","level":"info","message":"GET /assets/favicon.svg","service":"mnemos-server","status":304,"timestamp":"2026-03-31 22:30:02","userId":"anonymous"}
{"duration":"456ms","ip":"::1","level":"info","message":"GET /e1ef805c067b4b27c00d92e79fc68455","service":"mnemos-server","status":200,"timestamp":"2026-03-31 22:30:02","userId":"anonymous"}
{"duration":"382ms","ip":"::1","level":"info","message":"GET /","service":"mnemos-server","status":200,"timestamp":"2026-03-31 22:30:12","userId":"69cbdf2e43910afedf1152a8"}
{"duration":"423ms","ip":"::1","level":"info","message":"GET /","service":"mnemos-server","status":200,"timestamp":"2026-03-31 22:30:27","userId":"69cbdf2e43910afedf1152a8"}
{"duration":"1057ms","ip":"::1","level":"info","message":"POST /","service":"mnemos-server","status":200,"timestamp":"2026-03-31 22:30:39","userId":"69cbdf2e43910afedf1152a8"}
{"duration":"431ms","ip":"::1","level":"info","message":"GET /","service":"mnemos-server","status":200,"timestamp":"2026-03-31 22:30:42","userId":"69cbdf2e43910afedf1152a8"}
{"duration":"464ms","ip":"::1","level":"info","message":"GET /","service":"mnemos-server","status":200,"timestamp":"2026-03-31 22:30:44","userId":"69cbdf2e43910afedf1152a8"}
{"duration":"417ms","ip":"::1","level":"info","message":"GET /","service":"mnemos-server","status":200,"timestamp":"2026-03-31 22:30:56","userId":"69cbdf2e43910afedf1152a8"}
{"duration":"497ms","ip":"::1","level":"info","message":"GET /","service":"mnemos-server","status":200,"timestamp":"2026-03-31 22:30:59","userId":"69cbdf2e43910afedf1152a8"}
{"duration":"564ms","ip":"::1","level":"info","message":"GET /","service":"mnemos-server","status":304,"timestamp":"2026-03-31 22:31:12","userId":"69cbdf2e43910afedf1152a8"}
{"duration":"334ms","ip":"::1","level":"info","message":"GET /","service":"mnemos-server","status":200,"timestamp":"2026-03-31 22:31:14","userId":"69cbdf2e43910afedf1152a8"}
{"duration":"3014ms","ip":"::1","level":"info","message":"GET /","service":"mnemos-server","status":304,"timestamp":"2026-03-31 22:31:29","userId":"69cbdf2e43910afedf1152a8"}
{"duration":"377ms","ip":"::1","level":"info","message":"GET /","service":"mnemos-server","status":200,"timestamp":"2026-03-31 22:31:29","userId":"69cbdf2e43910afedf1152a8"}
{"duration":"2171ms","ip":"::1","level":"info","message":"GET /","service":"mnemos-server","status":304,"timestamp":"2026-03-31 22:31:43","userId":"69cbdf2e43910afedf1152a8"}
{"duration":"1699ms","ip":"::1","level":"info","message":"GET /","service":"mnemos-server","status":200,"timestamp":"2026-03-31 22:31:45","userId":"69cbdf2e43910afedf1152a8"}
{"duration":"2077ms","ip":"::1","level":"info","message":"GET /","service":"mnemos-server","status":304,"timestamp":"2026-03-31 22:31:58","userId":"69cbdf2e43910afedf1152a8"}
{"duration":"1010ms","ip":"::1","level":"info","message":"GET /","service":"mnemos-server","status":200,"timestamp":"2026-03-31 22:32:00","userId":"69cbdf2e43910afedf1152a8"}
{"duration":"407ms","ip":"::1","level":"info","message":"GET /","service":"mnemos-server","status":304,"timestamp":"2026-03-31 22:32:11","userId":"69cbdf2e43910afedf1152a8"}
{"duration":"312ms","ip":"::1","level":"info","message":"GET /","service":"mnemos-server","status":200,"timestamp":"2026-03-31 22:32:14","userId":"69cbdf2e43910afedf1152a8"}
{"duration":"388ms","ip":"::1","level":"info","message":"GET /","service":"mnemos-server","status":304,"timestamp":"2026-03-31 22:32:26","userId":"69cbdf2e43910afedf1152a8"}
{"duration":"402ms","ip":"::1","level":"info","message":"GET /","service":"mnemos-server","status":200,"timestamp":"2026-03-31 22:32:29","userId":"69cbdf2e43910afedf1152a8"}
{"duration":"391ms","ip":"::1","level":"info","message":"GET /","service":"mnemos-server","status":304,"timestamp":"2026-03-31 22:32:41","userId":"69cbdf2e43910afedf1152a8"}
{"duration":"415ms","ip":"::1","level":"info","message":"GET /","service":"mnemos-server","status":304,"timestamp":"2026-03-31 22:32:56","userId":"69cbdf2e43910afedf1152a8"}
{"duration":"414ms","ip":"::1","level":"info","message":"GET /","service":"mnemos-server","status":200,"timestamp":"2026-03-31 22:33:04","userId":"69cbdf2e43910afedf1152a8"}
{"duration":"301ms","ip":"::1","level":"info","message":"GET /","service":"mnemos-server","status":304,"timestamp":"2026-03-31 22:33:11","userId":"69cbdf2e43910afedf1152a8"}
{"duration":"334ms","ip":"::1","level":"info","message":"GET /","service":"mnemos-server","status":304,"timestamp":"2026-03-31 22:33:26","userId":"69cbdf2e43910afedf1152a8"}
{"duration":"359ms","ip":"::1","level":"info","message":"GET /","service":"mnemos-server","status":304,"timestamp":"2026-03-31 22:33:41","userId":"69cbdf2e43910afedf1152a8"}
{"duration":"712ms","ip":"::1","level":"info","message":"GET /","service":"mnemos-server","status":304,"timestamp":"2026-03-31 22:33:57","userId":"69cbdf2e43910afedf1152a8"}
{"duration":"575ms","ip":"::1","level":"info","message":"GET /","service":"mnemos-server","status":200,"timestamp":"2026-03-31 22:34:04","userId":"69cbdf2e43910afedf1152a8"}
{"duration":"396ms","ip":"::1","level":"info","message":"GET /","service":"mnemos-server","status":304,"timestamp":"2026-03-31 22:34:11","userId":"69cbdf2e43910afedf1152a8"}
{"duration":"1319ms","ip":"::1","level":"info","message":"GET /","service":"mnemos-server","status":304,"timestamp":"2026-03-31 22:34:27","userId":"69cbdf2e43910afedf1152a8"}
{"duration":"1361ms","ip":"::1","level":"info","message":"GET /","service":"mnemos-server","status":304,"timestamp":"2026-03-31 22:34:42","userId":"69cbdf2e43910afedf1152a8"}
{"duration":"553ms","ip":"::1","level":"info","message":"GET /","service":"mnemos-server","status":304,"timestamp":"2026-03-31 22:34:56","userId":"69cbdf2e43910afedf1152a8"}
{"duration":"414ms","ip":"::1","level":"info","message":"GET /","service":"mnemos-server","status":200,"timestamp":"2026-03-31 22:35:04","userId":"69cbdf2e43910afedf1152a8"}
{"duration":"295ms","ip":"::1","level":"info","message":"GET /","service":"mnemos-server","status":304,"timestamp":"2026-03-31 22:35:11","userId":"69cbdf2e43910afedf1152a8"}
{"duration":"407ms","ip":"::1","level":"info","message":"GET /","service":"mnemos-server","status":304,"timestamp":"2026-03-31 22:35:26","userId":"69cbdf2e43910afedf1152a8"}
{"duration":"324ms","ip":"::1","level":"info","message":"GET /","service":"mnemos-server","status":304,"timestamp":"2026-03-31 22:35:41","userId":"69cbdf2e43910afedf1152a8"}
{"duration":"373ms","ip":"::1","level":"info","message":"GET /","service":"mnemos-server","status":304,"timestamp":"2026-03-31 22:35:56","userId":"69cbdf2e43910afedf1152a8"}
{"duration":"337ms","ip":"::1","level":"info","message":"GET /","service":"mnemos-server","status":200,"timestamp":"2026-03-31 22:36:04","userId":"69cbdf2e43910afedf1152a8"}
{"duration":"496ms","ip":"::1","level":"info","message":"GET /","service":"mnemos-server","status":304,"timestamp":"2026-03-31 22:36:11","userId":"69cbdf2e43910afedf1152a8"}
{"duration":"494ms","ip":"::1","level":"info","message":"GET /","service":"mnemos-server","status":200,"timestamp":"2026-03-31 22:36:26","userId":"69cbdf2e43910afedf1152a8"}
{"duration":"316ms","ip":"::1","level":"info","message":"GET /","service":"mnemos-server","status":304,"timestamp":"2026-03-31 22:36:26","userId":"69cbdf2e43910afedf1152a8"}
{"duration":"383ms","ip":"::1","level":"info","message":"GET /","service":"mnemos-server","status":200,"timestamp":"2026-03-31 22:36:29","userId":"69cbdf2e43910afedf1152a8"}
{"duration":"255ms","ip":"::1","level":"info","message":"GET /","service":"mnemos-server","status":304,"timestamp":"2026-03-31 22:36:42","userId":"69cbdf2e43910afedf1152a8"}
{"duration":"332ms","ip":"::1","level":"info","message":"GET /","service":"mnemos-server","status":200,"timestamp":"2026-03-31 22:36:44","userId":"69cbdf2e43910afedf1152a8"}
{"duration":"583ms","ip":"::1","level":"info","message":"GET /","service":"mnemos-server","status":304,"timestamp":"2026-03-31 22:36:57","userId":"69cbdf2e43910afedf1152a8"}
{"duration":"410ms","ip":"::1","level":"info","message":"GET /","service":"mnemos-server","status":200,"timestamp":"2026-03-31 22:36:59","userId":"69cbdf2e43910afedf1152a8"}
{"duration":"508ms","ip":"::1","level":"info","message":"GET /","service":"mnemos-server","status":304,"timestamp":"2026-03-31 22:37:12","userId":"69cbdf2e43910afedf1152a8"}
{"duration":"423ms","ip":"::1","level":"info","message":"GET /","service":"mnemos-server","status":200,"timestamp":"2026-03-31 22:37:14","userId":"69cbdf2e43910afedf1152a8"}
{"duration":"361ms","ip":"::1","level":"info","message":"GET /","service":"mnemos-server","status":304,"timestamp":"2026-03-31 22:37:27","userId":"69cbdf2e43910afedf1152a8"}
{"duration":"399ms","ip":"::1","level":"info","message":"GET /","service":"mnemos-server","status":200,"timestamp":"2026-03-31 22:37:29","userId":"69cbdf2e43910afedf1152a8"}
{"duration":"444ms","ip":"::1","level":"info","message":"GET /","service":"mnemos-server","status":200,"timestamp":"2026-03-31 22:37:44","userId":"69cbdf2e43910afedf1152a8"}
{"duration":"328ms","ip":"::1","level":"info","message":"GET /","service":"mnemos-server","status":200,"timestamp":"2026-03-31 22:37:59","userId":"69cbdf2e43910afedf1152a8"}
{"duration":"383ms","ip":"::1","level":"info","message":"GET /","service":"mnemos-server","status":304,"timestamp":"2026-03-31 22:38:04","userId":"69cbdf2e43910afedf1152a8"}
{"duration":"1996ms","ip":"::1","level":"info","message":"GET /","service":"mnemos-server","status":200,"timestamp":"2026-03-31 22:38:16","userId":"69cbdf2e43910afedf1152a8"}
{"duration":"479ms","ip":"::1","level":"info","message":"GET /","service":"mnemos-server","status":200,"timestamp":"2026-03-31 22:38:29","userId":"69cbdf2e43910afedf1152a8"}
{"duration":"456ms","ip":"::1","level":"info","message":"GET /","service":"mnemos-server","status":200,"timestamp":"2026-03-31 22:38:30","userId":"69cbdf2e43910afedf1152a8"}
{"duration":"396ms","ip":"::1","level":"info","message":"GET /","service":"mnemos-server","status":200,"timestamp":"2026-03-31 22:38:36","userId":"69cbdf2e43910afedf1152a8"}
{"duration":"854ms","ip":"::1","level":"info","message":"GET /","service":"mnemos-server","status":200,"timestamp":"2026-03-31 22:38:51","userId":"69cbdf2e43910afedf1152a8"}
{"duration":"434ms","ip":"::1","level":"info","message":"GET /","service":"mnemos-server","status":200,"timestamp":"2026-03-31 22:38:55","userId":"69cbdf2e43910afedf1152a8"}
{"duration":"304ms","ip":"::1","level":"info","message":"GET /","service":"mnemos-server","status":304,"timestamp":"2026-03-31 22:39:04","userId":"69cbdf2e43910afedf1152a8"}
{"duration":"569ms","ip":"::1","level":"info","message":"GET /","service":"mnemos-server","status":200,"timestamp":"2026-03-31 22:39:11","userId":"69cbdf2e43910afedf1152a8"}
{"duration":"2022ms","ip":"::1","level":"info","message":"GET /","service":"mnemos-server","status":200,"timestamp":"2026-03-31 22:39:27","userId":"69cbdf2e43910afedf1152a8"}
{"duration":"384ms","ip":"::1","level":"info","message":"GET /","service":"mnemos-server","status":200,"timestamp":"2026-03-31 22:39:40","userId":"69cbdf2e43910afedf1152a8"}
{"duration":"2690ms","ip":"::1","level":"info","message":"GET /","service":"mnemos-server","status":200,"timestamp":"2026-03-31 22:39:58","userId":"69cbdf2e43910afedf1152a8"}
{"duration":"432ms","ip":"::1","level":"info","message":"GET /","service":"mnemos-server","status":304,"timestamp":"2026-03-31 22:40:04","userId":"69cbdf2e43910afedf1152a8"}
{"duration":"412ms","ip":"::1","level":"info","message":"GET /","service":"mnemos-server","status":200,"timestamp":"2026-03-31 22:40:10","userId":"69cbdf2e43910afedf1152a8"}
